[2026-03-12T15:44:38.520Z] {"timestamp":1773330275465,"level":"DEBUG","args":["[Manus] Debug collector initialized (no rrweb, UI events only)"],"stack":null}
[2026-03-12T15:44:38.520Z] {"timestamp":1773330275785,"level":"DEBUG","args":["[vite] connected."],"stack":null}
[2026-03-12T15:44:41.918Z] {"timestamp":1773330279795,"level":"DEBUG","args":["[Manus] Debug collector initialized (no rrweb, UI events only)"],"stack":null}
[2026-03-12T15:44:41.918Z] {"timestamp":1773330280106,"level":"DEBUG","args":["[vite] connected."],"stack":null}
[2026-03-12T15:48:18.532Z] {"timestamp":1773330496246,"level":"DEBUG","args":["[Manus] Debug collector initialized (no rrweb, UI events only)"],"stack":null}
[2026-03-12T15:48:18.532Z] {"timestamp":1773330496560,"level":"DEBUG","args":["[vite] connected."],"stack":null}
[2026-03-12T15:48:31.851Z] {"timestamp":1773330509845,"level":"DEBUG","args":["[Manus] Debug collector initialized (no rrweb, UI events only)"],"stack":null}
[2026-03-12T15:48:31.851Z] {"timestamp":1773330509953,"level":"DEBUG","args":["[vite] connected."],"stack":null}
[2026-03-12T15:48:31.851Z] {"timestamp":1773330510897,"level":"INFO","args":["%cDownload the React DevTools for a better development experience: https://react.dev/link/react-devtools","font-weight:bold"],"stack":null}
[2026-03-12T15:48:33.103Z] {"timestamp":1773330510996,"level":"DEBUG","args":["[Manus] Debug collector initialized (no rrweb, UI events only)"],"stack":null}
[2026-03-12T15:48:33.103Z] {"timestamp":1773330511314,"level":"DEBUG","args":["[vite] connected."],"stack":null}
[2026-03-12T15:54:59.357Z] {"timestamp":1773330897353,"level":"DEBUG","args":["[Manus] Debug collector initialized (no rrweb, UI events only)"],"stack":null}
[2026-03-12T15:54:59.357Z] {"timestamp":1773330897372,"level":"DEBUG","args":["[vite] connected."],"stack":null}
[2026-03-12T15:54:59.357Z] {"timestamp":1773330897470,"level":"INFO","args":["%cDownload the React DevTools for a better development experience: https://react.dev/link/react-devtools","font-weight:bold"],"stack":null}
[2026-03-12T16:15:03.510Z] {"timestamp":1773332077057,"level":"DEBUG","args":["[vite]","hot updated: /src/index.css"],"stack":null}
[2026-03-12T16:15:03.510Z] {"timestamp":1773332077058,"level":"DEBUG","args":["[vite]","hot updated: /src/pages/Simulador.tsx"],"stack":null}
[2026-03-12T16:15:43.642Z] {"timestamp":1773332141638,"level":"DEBUG","args":["[Manus] Debug collector initialized (no rrweb, UI events only)"],"stack":null}
[2026-03-12T16:15:43.642Z] {"timestamp":1773332141720,"level":"DEBUG","args":["[vite] connected."],"stack":null}
[2026-03-12T16:15:43.642Z] {"timestamp":1773332142610,"level":"INFO","args":["%cDownload the React DevTools for a better development experience: https://react.dev/link/react-devtools","font-weight:bold"],"stack":null}
[2026-03-12T16:16:03.721Z] {"timestamp":1773332136117,"level":"LOG","args":["[vite] server connection lost. Polling for restart..."],"stack":null}
[2026-03-12T16:16:57.691Z] {"timestamp":1773332215687,"level":"DEBUG","args":["[Manus] Debug collector initialized (no rrweb, UI events only)"],"stack":null}
[2026-03-12T16:16:57.691Z] {"timestamp":1773332215689,"level":"DEBUG","args":["[vite] connected."],"stack":null}
[2026-03-12T16:16:57.691Z] {"timestamp":1773332215828,"level":"INFO","args":["%cDownload the React DevTools for a better development experience: https://react.dev/link/react-devtools","font-weight:bold"],"stack":null}
[2026-03-12T16:16:58.500Z] {"timestamp":1773332215808,"level":"DEBUG","args":["[Manus] Debug collector initialized (no rrweb, UI events only)"],"stack":null}
[2026-03-12T16:16:58.500Z] {"timestamp":1773332216140,"level":"DEBUG","args":["[vite] connected."],"stack":null}
[2026-03-12T16:17:44.096Z] {"timestamp":1773332262093,"level":"DEBUG","args":["[Manus] Debug collector initialized (no rrweb, UI events only)"],"stack":null}
[2026-03-12T16:17:44.096Z] {"timestamp":1773332262109,"level":"DEBUG","args":["[vite] connected."],"stack":null}
[2026-03-12T16:17:44.097Z] {"timestamp":1773332262221,"level":"INFO","args":["%cDownload the React DevTools for a better development experience: https://react.dev/link/react-devtools","font-weight:bold"],"stack":null}
